<?xml version="1.0" encoding="UTF-8"?>
<!-- Generated by org.testng.reporters.JUnitXMLReporter -->
<testsuite hostname="NOD-WIN-BS40" ignored="0" name="Default test" tests="5" failures="0" timestamp="22 Feb 2019 17:57:12 GMT" time="86.255" errors="0">
  <testcase name="usernamevalidation" time="6.661" classname="com.mpstrak.common.TestCase2"/>
  <testcase name="passvalidation" time="7.09" classname="com.mpstrak.common.TestCase2"/>
  <testcase name="invalidUP" time="6.881" classname="com.mpstrak.common.TestCase2"/>
  <testcase name="loginTestCase" time="10.82" classname="com.mpstrak.common.TestCase2"/>
  <testcase name="dashboardsearchAllJournalsRT" time="38.764" classname="com.mpstrak.common.TestCase2"/>
</testsuite> <!-- Default test -->
