<?xml version="1.0" encoding="UTF-8"?>
<!-- Generated by org.testng.reporters.JUnitXMLReporter -->
<testsuite hostname="NOD-WIN-BS40" ignored="3" name="Default test" tests="6" failures="0" timestamp="01 Mar 2019 11:49:24 GMT" time="72.191" errors="0">
  <testcase name="loginTestCase" time="10.223" classname="com.mpstrak.common.TestCase2"/>
  <testcase name="dashboardsearchAllJournalsRT" time="14.196" classname="com.mpstrak.common.TestCase2"/>
  <testcase name="dashBoardCurrentTaskArticleRT" time="6.926" classname="com.mpstrak.common.TestCase2"/>
  <testcase name="dashBoardJournalRT" time="11.166" classname="com.mpstrak.common.TestCase2"/>
  <testcase name="dashBoardCurrentTaskIssueRT" time="12.041" classname="com.mpstrak.common.TestCase2"/>
  <testcase name="dashBoardSaveSearchRT" time="1.027" classname="com.mpstrak.common.TestCase2"/>
  <testcase name="invalidUP" time="0.0" classname="com.mpstrak.common.TestCase2">
    <ignored/>
  </testcase> <!-- invalidUP -->
  <testcase name="passvalidation" time="0.0" classname="com.mpstrak.common.TestCase2">
    <ignored/>
  </testcase> <!-- passvalidation -->
  <testcase name="usernamevalidation" time="0.0" classname="com.mpstrak.common.TestCase2">
    <ignored/>
  </testcase> <!-- usernamevalidation -->
</testsuite> <!-- Default test -->
