<?xml version="1.0" encoding="UTF-8"?>
<testng-results skipped="0" failed="0" ignored="3" total="9" passed="6">
  <reporter-output>
  </reporter-output>
  <suite name="Default suite" duration-ms="72191" started-at="2019-03-01T11:48:12Z" finished-at="2019-03-01T11:49:24Z">
    <groups>
    </groups>
    <test name="Default test" duration-ms="72191" started-at="2019-03-01T11:48:12Z" finished-at="2019-03-01T11:49:24Z">
      <class name="com.mpstrak.common.TestCase2">
        <test-method status="PASS" signature="systemStartUpConfiguration()[pri:0, instance:com.mpstrak.common.TestCase2@e659aa]" name="systemStartUpConfiguration" is-config="true" duration-ms="120" started-at="2019-03-01T11:48:12Z" finished-at="2019-03-01T11:48:12Z">
          <reporter-output>
          </reporter-output>
        </test-method> <!-- systemStartUpConfiguration -->
        <test-method status="PASS" signature="startReporting(java.lang.reflect.Method)[pri:0, instance:com.mpstrak.common.TestCase2@e659aa]" name="startReporting" is-config="true" duration-ms="166" started-at="2019-03-01T11:48:12Z" finished-at="2019-03-01T11:48:12Z">
          <params>
            <param index="0">
              <value>
                <![CDATA[public void com.mpstrak.common.TestCase2.loginTestCase() throws java.lang.InterruptedException]]>
              </value>
            </param>
          </params>
          <reporter-output>
          </reporter-output>
        </test-method> <!-- startReporting -->
        <test-method status="PASS" signature="loginTestCase()[pri:4, instance:com.mpstrak.common.TestCase2@e659aa]" name="loginTestCase" duration-ms="10223" started-at="2019-03-01T11:48:12Z" finished-at="2019-03-01T11:48:22Z">
          <reporter-output>
          </reporter-output>
        </test-method> <!-- loginTestCase -->
        <test-method status="PASS" signature="testResult(java.lang.reflect.Method, org.testng.ITestResult)[pri:0, instance:com.mpstrak.common.TestCase2@e659aa]" name="testResult" is-config="true" duration-ms="2916" started-at="2019-03-01T11:48:22Z" finished-at="2019-03-01T11:48:25Z">
          <params>
            <param index="0">
              <value>
                <![CDATA[public void com.mpstrak.common.TestCase2.loginTestCase() throws java.lang.InterruptedException]]>
              </value>
            </param>
            <param index="1">
              <value>
                <![CDATA[[TestResult name=loginTestCase status=SUCCESS method=TestCase2.loginTestCase()[pri:4, instance:com.mpstrak.common.TestCase2@e659aa] output={null}]]]>
              </value>
            </param>
          </params>
          <reporter-output>
          </reporter-output>
        </test-method> <!-- testResult -->
        <test-method status="PASS" signature="startReporting(java.lang.reflect.Method)[pri:0, instance:com.mpstrak.common.TestCase2@e659aa]" name="startReporting" is-config="true" duration-ms="1" started-at="2019-03-01T11:48:25Z" finished-at="2019-03-01T11:48:25Z">
          <params>
            <param index="0">
              <value>
                <![CDATA[public void com.mpstrak.common.TestCase2.dashboardsearchAllJournalsRT() throws java.lang.InterruptedException]]>
              </value>
            </param>
          </params>
          <reporter-output>
          </reporter-output>
        </test-method> <!-- startReporting -->
        <test-method status="PASS" signature="dashboardsearchAllJournalsRT()[pri:5, instance:com.mpstrak.common.TestCase2@e659aa]" name="dashboardsearchAllJournalsRT" duration-ms="14196" started-at="2019-03-01T11:48:25Z" finished-at="2019-03-01T11:48:40Z">
          <reporter-output>
          </reporter-output>
        </test-method> <!-- dashboardsearchAllJournalsRT -->
        <test-method status="PASS" signature="testResult(java.lang.reflect.Method, org.testng.ITestResult)[pri:0, instance:com.mpstrak.common.TestCase2@e659aa]" name="testResult" is-config="true" duration-ms="2700" started-at="2019-03-01T11:48:40Z" finished-at="2019-03-01T11:48:42Z">
          <params>
            <param index="0">
              <value>
                <![CDATA[public void com.mpstrak.common.TestCase2.dashboardsearchAllJournalsRT() throws java.lang.InterruptedException]]>
              </value>
            </param>
            <param index="1">
              <value>
                <![CDATA[[TestResult name=dashboardsearchAllJournalsRT status=SUCCESS method=TestCase2.dashboardsearchAllJournalsRT()[pri:5, instance:com.mpstrak.common.TestCase2@e659aa] output={null}]]]>
              </value>
            </param>
          </params>
          <reporter-output>
          </reporter-output>
        </test-method> <!-- testResult -->
        <test-method status="PASS" signature="startReporting(java.lang.reflect.Method)[pri:0, instance:com.mpstrak.common.TestCase2@e659aa]" name="startReporting" is-config="true" duration-ms="1" started-at="2019-03-01T11:48:42Z" finished-at="2019-03-01T11:48:42Z">
          <params>
            <param index="0">
              <value>
                <![CDATA[public void com.mpstrak.common.TestCase2.dashBoardCurrentTaskArticleRT() throws java.lang.Exception]]>
              </value>
            </param>
          </params>
          <reporter-output>
          </reporter-output>
        </test-method> <!-- startReporting -->
        <test-method status="PASS" signature="dashBoardCurrentTaskArticleRT()[pri:6, instance:com.mpstrak.common.TestCase2@e659aa]" name="dashBoardCurrentTaskArticleRT" duration-ms="6926" started-at="2019-03-01T11:48:42Z" finished-at="2019-03-01T11:48:49Z">
          <reporter-output>
          </reporter-output>
        </test-method> <!-- dashBoardCurrentTaskArticleRT -->
        <test-method status="PASS" signature="testResult(java.lang.reflect.Method, org.testng.ITestResult)[pri:0, instance:com.mpstrak.common.TestCase2@e659aa]" name="testResult" is-config="true" duration-ms="2685" started-at="2019-03-01T11:48:49Z" finished-at="2019-03-01T11:48:52Z">
          <params>
            <param index="0">
              <value>
                <![CDATA[public void com.mpstrak.common.TestCase2.dashBoardCurrentTaskArticleRT() throws java.lang.Exception]]>
              </value>
            </param>
            <param index="1">
              <value>
                <![CDATA[[TestResult name=dashBoardCurrentTaskArticleRT status=SUCCESS method=TestCase2.dashBoardCurrentTaskArticleRT()[pri:6, instance:com.mpstrak.common.TestCase2@e659aa] output={null}]]]>
              </value>
            </param>
          </params>
          <reporter-output>
          </reporter-output>
        </test-method> <!-- testResult -->
        <test-method status="PASS" signature="dashBoardJournalRT()[pri:7, instance:com.mpstrak.common.TestCase2@e659aa]" name="dashBoardJournalRT" duration-ms="11166" started-at="2019-03-01T11:48:52Z" finished-at="2019-03-01T11:49:03Z">
          <reporter-output>
          </reporter-output>
        </test-method> <!-- dashBoardJournalRT -->
        <test-method status="PASS" signature="startReporting(java.lang.reflect.Method)[pri:0, instance:com.mpstrak.common.TestCase2@e659aa]" name="startReporting" is-config="true" duration-ms="0" started-at="2019-03-01T11:48:52Z" finished-at="2019-03-01T11:48:52Z">
          <params>
            <param index="0">
              <value>
                <![CDATA[public void com.mpstrak.common.TestCase2.dashBoardJournalRT() throws java.lang.Exception]]>
              </value>
            </param>
          </params>
          <reporter-output>
          </reporter-output>
        </test-method> <!-- startReporting -->
        <test-method status="PASS" signature="testResult(java.lang.reflect.Method, org.testng.ITestResult)[pri:0, instance:com.mpstrak.common.TestCase2@e659aa]" name="testResult" is-config="true" duration-ms="2604" started-at="2019-03-01T11:49:03Z" finished-at="2019-03-01T11:49:06Z">
          <params>
            <param index="0">
              <value>
                <![CDATA[public void com.mpstrak.common.TestCase2.dashBoardJournalRT() throws java.lang.Exception]]>
              </value>
            </param>
            <param index="1">
              <value>
                <![CDATA[[TestResult name=dashBoardJournalRT status=SUCCESS method=TestCase2.dashBoardJournalRT()[pri:7, instance:com.mpstrak.common.TestCase2@e659aa] output={null}]]]>
              </value>
            </param>
          </params>
          <reporter-output>
          </reporter-output>
        </test-method> <!-- testResult -->
        <test-method status="PASS" signature="dashBoardCurrentTaskIssueRT()[pri:8, instance:com.mpstrak.common.TestCase2@e659aa]" name="dashBoardCurrentTaskIssueRT" duration-ms="12041" started-at="2019-03-01T11:49:06Z" finished-at="2019-03-01T11:49:18Z">
          <reporter-output>
          </reporter-output>
        </test-method> <!-- dashBoardCurrentTaskIssueRT -->
        <test-method status="PASS" signature="startReporting(java.lang.reflect.Method)[pri:0, instance:com.mpstrak.common.TestCase2@e659aa]" name="startReporting" is-config="true" duration-ms="0" started-at="2019-03-01T11:49:06Z" finished-at="2019-03-01T11:49:06Z">
          <params>
            <param index="0">
              <value>
                <![CDATA[public void com.mpstrak.common.TestCase2.dashBoardCurrentTaskIssueRT() throws java.lang.Exception]]>
              </value>
            </param>
          </params>
          <reporter-output>
          </reporter-output>
        </test-method> <!-- startReporting -->
        <test-method status="PASS" signature="testResult(java.lang.reflect.Method, org.testng.ITestResult)[pri:0, instance:com.mpstrak.common.TestCase2@e659aa]" name="testResult" is-config="true" duration-ms="2604" started-at="2019-03-01T11:49:18Z" finished-at="2019-03-01T11:49:20Z">
          <params>
            <param index="0">
              <value>
                <![CDATA[public void com.mpstrak.common.TestCase2.dashBoardCurrentTaskIssueRT() throws java.lang.Exception]]>
              </value>
            </param>
            <param index="1">
              <value>
                <![CDATA[[TestResult name=dashBoardCurrentTaskIssueRT status=SUCCESS method=TestCase2.dashBoardCurrentTaskIssueRT()[pri:8, instance:com.mpstrak.common.TestCase2@e659aa] output={null}]]]>
              </value>
            </param>
          </params>
          <reporter-output>
          </reporter-output>
        </test-method> <!-- testResult -->
        <test-method status="PASS" signature="dashBoardSaveSearchRT()[pri:9, instance:com.mpstrak.common.TestCase2@e659aa]" name="dashBoardSaveSearchRT" duration-ms="1027" started-at="2019-03-01T11:49:20Z" finished-at="2019-03-01T11:49:21Z">
          <reporter-output>
          </reporter-output>
        </test-method> <!-- dashBoardSaveSearchRT -->
        <test-method status="PASS" signature="startReporting(java.lang.reflect.Method)[pri:0, instance:com.mpstrak.common.TestCase2@e659aa]" name="startReporting" is-config="true" duration-ms="0" started-at="2019-03-01T11:49:20Z" finished-at="2019-03-01T11:49:20Z">
          <params>
            <param index="0">
              <value>
                <![CDATA[public void com.mpstrak.common.TestCase2.dashBoardSaveSearchRT() throws java.lang.Exception]]>
              </value>
            </param>
          </params>
          <reporter-output>
          </reporter-output>
        </test-method> <!-- startReporting -->
        <test-method status="PASS" signature="testResult(java.lang.reflect.Method, org.testng.ITestResult)[pri:0, instance:com.mpstrak.common.TestCase2@e659aa]" name="testResult" is-config="true" duration-ms="2602" started-at="2019-03-01T11:49:21Z" finished-at="2019-03-01T11:49:24Z">
          <params>
            <param index="0">
              <value>
                <![CDATA[public void com.mpstrak.common.TestCase2.dashBoardSaveSearchRT() throws java.lang.Exception]]>
              </value>
            </param>
            <param index="1">
              <value>
                <![CDATA[[TestResult name=dashBoardSaveSearchRT status=SUCCESS method=TestCase2.dashBoardSaveSearchRT()[pri:9, instance:com.mpstrak.common.TestCase2@e659aa] output={null}]]]>
              </value>
            </param>
          </params>
          <reporter-output>
          </reporter-output>
        </test-method> <!-- testResult -->
        <test-method status="PASS" signature="generateResult()[pri:0, instance:com.mpstrak.common.TestCase2@e659aa]" name="generateResult" is-config="true" duration-ms="300" started-at="2019-03-01T11:49:24Z" finished-at="2019-03-01T11:49:24Z">
          <reporter-output>
          </reporter-output>
        </test-method> <!-- generateResult -->
      </class> <!-- com.mpstrak.common.TestCase2 -->
    </test> <!-- Default test -->
  </suite> <!-- Default suite -->
</testng-results>
