<?xml version="1.0" encoding="UTF-8"?>
<!-- Generated by org.testng.reporters.JUnitXMLReporter -->
<testsuite hostname="jayant-PC" ignored="0" name="Test" tests="5" failures="0" timestamp="25 Feb 2019 01:32:01 GMT" time="67.572" errors="0">
  <testcase name="usernamevalidation" time="6.164" classname="com.mpstrak.common.TestCase2"/>
  <testcase name="passvalidation" time="6.233" classname="com.mpstrak.common.TestCase2"/>
  <testcase name="invalidUP" time="8.5" classname="com.mpstrak.common.TestCase2"/>
  <testcase name="loginTestCase" time="10.97" classname="com.mpstrak.common.TestCase2"/>
  <testcase name="dashboardsearchAllJournalsRT" time="19.098" classname="com.mpstrak.common.TestCase2"/>
</testsuite> <!-- Test -->
