<?xml version="1.0" encoding="UTF-8"?>
<!-- Generated by org.testng.reporters.JUnitXMLReporter -->
<testsuite hostname="NOD-WIN-BS40" ignored="3" name="Test" tests="6" failures="2" timestamp="03 Mar 2019 11:33:57 GMT" time="92.767" errors="0">
  <testcase name="loginTestCase" time="9.973" classname="com.mpstrak.common.TestCase2"/>
  <testcase name="dashboardsearchAllJournalsRT" time="11.072" classname="com.mpstrak.common.TestCase2"/>
  <testcase name="dashBoardCurrentTaskArticleRT" time="5.996" classname="com.mpstrak.common.TestCase2"/>
  <testcase name="dashBoardJournalRT" time="38.563" classname="com.mpstrak.common.TestCase2">
    <failure type="java.lang.AssertionError" message="expected [true] but found [false]">
      <![CDATA[java.lang.AssertionError: expected [true] but found [false]
at com.mpstrak.common.TestCase2.dashBoardJournalRT(TestCase2.java:193)
... Removed 29 stack frames]]>
    </failure>
  </testcase> <!-- dashBoardJournalRT -->
  <testcase name="dashBoardCurrentTaskIssueRT" time="8.373" classname="com.mpstrak.common.TestCase2">
    <failure type="java.lang.AssertionError" message="expected [true] but found [false]">
      <![CDATA[java.lang.AssertionError: expected [true] but found [false]
at com.mpstrak.common.TestCase2.dashBoardCurrentTaskIssueRT(TestCase2.java:200)
... Removed 29 stack frames]]>
    </failure>
  </testcase> <!-- dashBoardCurrentTaskIssueRT -->
  <testcase name="dashBoardSaveSearchRT" time="1.275" classname="com.mpstrak.common.TestCase2"/>
  <testcase name="invalidUP" time="0.0" classname="com.mpstrak.common.TestCase2">
    <ignored/>
  </testcase> <!-- invalidUP -->
  <testcase name="passvalidation" time="0.0" classname="com.mpstrak.common.TestCase2">
    <ignored/>
  </testcase> <!-- passvalidation -->
  <testcase name="usernamevalidation" time="0.0" classname="com.mpstrak.common.TestCase2">
    <ignored/>
  </testcase> <!-- usernamevalidation -->
</testsuite> <!-- Test -->
